<?xml version="1.0" encoding="UTF-8"?>
<!-- Generated by org.testng.reporters.JUnitReportReporter -->
<testsuite hostname="Ravichandra" failures="0" tests="1" name="org.ravi.tests.DataProviderWithExcel" time="0.025" errors="0" timestamp="2022-09-06T14:58:44 IST" skipped="0">
  <testcase classname="org.ravi.tests.DataProviderWithExcel" name="testLogging" time="0.025"/>
  <system-out/>
</testsuite> <!-- org.ravi.tests.DataProviderWithExcel -->
