<?xml version="1.0" encoding="UTF-8"?>
<!-- Generated by org.testng.reporters.JUnitReportReporter -->
<testsuite hostname="Ravichandra" failures="0" tests="1" name="org.ravi.tests.HomePageTest" time="16.369" errors="0" timestamp="2022-09-07T23:04:02 IST" skipped="0">
  <testcase classname="org.ravi.tests.HomePageTest" name="test2" time="16.369"/>
  <system-out/>
</testsuite> <!-- org.ravi.tests.HomePageTest -->
