<?xml version="1.0" encoding="UTF-8"?>
<!-- Generated by org.testng.reporters.JUnitReportReporter -->
<testsuite hostname="LAPTOP-P3PTTN41" failures="0" tests="1" name="org.makeMyTrip.tests.HotelsPageTest" time="31.303" errors="0" timestamp="2022-10-13T23:46:08 IST" skipped="0">
  <testcase classname="org.makeMyTrip.tests.HotelsPageTest" name="validateRoomAndGuests" time="31.303"/>
  <system-out/>
</testsuite> <!-- org.makeMyTrip.tests.HotelsPageTest -->
