<?xml version="1.0" encoding="UTF-8"?>
<!-- Generated by org.testng.reporters.JUnitReportReporter -->
<testsuite hostname="LAPTOP-P3PTTN41" failures="0" tests="2" name="org.makeMyTrip.tests.HotelsPageTest" time="25.896" errors="0" timestamp="2022-10-07T22:17:09 IST" skipped="1">
  <testcase classname="org.makeMyTrip.tests.HotelsPageTest" name="validateSelectHotelCity" time="25.896"/>
  <system-out/>
  <testcase classname="org.makeMyTrip.tests.HotelsPageTest" name="validateHotelsPageLanding">
    <skipped/>
  </testcase> <!-- validateHotelsPageLanding -->
  <system-out/>
</testsuite> <!-- org.makeMyTrip.tests.HotelsPageTest -->
