<?xml version="1.0" encoding="UTF-8"?>
<!-- Generated by org.testng.reporters.JUnitReportReporter -->
<testsuite hostname="LAPTOP-P3PTTN41" failures="0" tests="1" name="org.makeMyTrip.tests.HotelsPageTest" time="30.841" errors="0" timestamp="2022-10-13T18:30:11 IST" skipped="0">
  <testcase classname="org.makeMyTrip.tests.HotelsPageTest" name="validateSelectHotelCity" time="30.841"/>
  <system-out/>
</testsuite> <!-- org.makeMyTrip.tests.HotelsPageTest -->
