<?xml version="1.0" encoding="UTF-8"?>
<!-- Generated by org.testng.reporters.JUnitReportReporter -->
<testsuite hostname="Ravichandra" failures="0" tests="1" name="org.ravi.tests.ExtentReportsGenerator" time="12.645" errors="0" timestamp="2022-09-14T00:27:22 IST" skipped="0">
  <testcase classname="org.ravi.tests.ExtentReportsGenerator" name="reportGenerator" time="12.645"/>
  <system-out/>
</testsuite> <!-- org.ravi.tests.ExtentReportsGenerator -->
